  World.cpp
  Utility.cpp
  TitleState.cpp
  TextNode.cpp
  StateStack.cpp
  State.cpp
  SpriteNode.cpp
  SettingsState.cpp
  SceneNode.cpp
  Projectile.cpp
  PostEffect.cpp
  Player.cpp
  Pickup.cpp
  PauseState.cpp
  ParticleNode.cpp
  MenuState.cpp
  Main.cpp
  Label.cpp
  GameState.cpp
  GameOverState.cpp
  Generating Code...
  Compiling...
  Entity.cpp
  EmitterNode.cpp
  DataTables.cpp
  Container.cpp
  Component.cpp
  CommandQueue.cpp
  Command.cpp
  Button.cpp
  BloomEffect.cpp
  Application.cpp
  Animation.cpp
  Aircraft.cpp
  Generating Code...
  SFMLAssignment2.vcxproj -> C:\Users\sbailen\Desktop\SFMLAssignment2\08_Graphics\Debug\SFMLAssignment2.exe
